
make[2]: Entering directory '/home/runner/work/Zzz/Zzz/openwrt/scripts/config'
make[2]: 'conf' is up to date.
make[2]: Leaving directory '/home/runner/work/Zzz/Zzz/openwrt/scripts/config'
make[1]: Entering directory '/home/runner/work/Zzz/Zzz/openwrt'
make[2]: Entering directory '/home/runner/work/Zzz/Zzz/openwrt/package/toolchain'
Makefile:735: WARNING: skipping libgomp -- package has no install section
echo "libc" >> /home/runner/work/Zzz/Zzz/openwrt/staging_dir/target-mips_24kc_musl/pkginfo/toolchain.default.install
echo "libgcc" >> /home/runner/work/Zzz/Zzz/openwrt/staging_dir/target-mips_24kc_musl/pkginfo/toolchain.default.install
echo "libpthread" >> /home/runner/work/Zzz/Zzz/openwrt/staging_dir/target-mips_24kc_musl/pkginfo/toolchain.default.install
make[2]: Leaving directory '/home/runner/work/Zzz/Zzz/openwrt/package/toolchain'
time: package/toolchain/compile#0.26#0.05#0.31
make[2]: Entering directory '/home/runner/work/Zzz/Zzz/openwrt/feeds/kiddin9/ookla-speedtest'
touch /home/runner/work/Zzz/Zzz/openwrt/build_dir/target-mips_24kc_musl/ookla-speedtest-1.2.0/.prepared_d8e11ed44beac4702514e6c0ba00f716_6664517399ebbbc92a37c5bb081b5c53_check
touch /home/runner/work/Zzz/Zzz/openwrt/build_dir/target-mips_24kc_musl/ookla-speedtest-1.2.0/.prepared_d8e11ed44beac4702514e6c0ba00f716_6664517399ebbbc92a37c5bb081b5c53
rm -f /home/runner/work/Zzz/Zzz/openwrt/build_dir/target-mips_24kc_musl/ookla-speedtest-1.2.0/.configured_*
rm -f /home/runner/work/Zzz/Zzz/openwrt/staging_dir/target-mips_24kc_musl/stamp/.ookla-speedtest_installed
touch /home/runner/work/Zzz/Zzz/openwrt/build_dir/target-mips_24kc_musl/ookla-speedtest-1.2.0/.configured_68b329da9893e34099c7d8ad5cb9c940
rm -f /home/runner/work/Zzz/Zzz/openwrt/build_dir/target-mips_24kc_musl/ookla-speedtest-1.2.0/.built
touch /home/runner/work/Zzz/Zzz/openwrt/build_dir/target-mips_24kc_musl/ookla-speedtest-1.2.0/.built_check
touch /home/runner/work/Zzz/Zzz/openwrt/build_dir/target-mips_24kc_musl/ookla-speedtest-1.2.0/.built
rm -rf /home/runner/work/Zzz/Zzz/openwrt/build_dir/target-mips_24kc_musl/ookla-speedtest-1.2.0/.pkgdir/ookla-speedtest.installed /home/runner/work/Zzz/Zzz/openwrt/build_dir/target-mips_24kc_musl/ookla-speedtest-1.2.0/.pkgdir/ookla-speedtest
mkdir -p /home/runner/work/Zzz/Zzz/openwrt/build_dir/target-mips_24kc_musl/ookla-speedtest-1.2.0/.pkgdir/ookla-speedtest
install -d -m0755 /home/runner/work/Zzz/Zzz/openwrt/build_dir/target-mips_24kc_musl/ookla-speedtest-1.2.0/.pkgdir/ookla-speedtest/usr/bin
cp -fpR /speedtest /home/runner/work/Zzz/Zzz/openwrt/build_dir/target-mips_24kc_musl/ookla-speedtest-1.2.0/.pkgdir/ookla-speedtest/usr/bin
cp: cannot stat '/speedtest': No such file or directory
make[2]: *** [Makefile:52: /home/runner/work/Zzz/Zzz/openwrt/build_dir/target-mips_24kc_musl/ookla-speedtest-1.2.0/.pkgdir/ookla-speedtest.installed] Error 1
make[2]: Leaving directory '/home/runner/work/Zzz/Zzz/openwrt/feeds/kiddin9/ookla-speedtest'
time: package/feeds/kiddin9/ookla-speedtest/compile#0.14#0.04#0.17
    ERROR: package/feeds/kiddin9/ookla-speedtest failed to build.
make[1]: *** [package/Makefile:116: package/feeds/kiddin9/ookla-speedtest/compile] Error 1
make[1]: Leaving directory '/home/runner/work/Zzz/Zzz/openwrt'
make: *** [/home/runner/work/Zzz/Zzz/openwrt/include/toplevel.mk:222: package/ookla-speedtest/compile] Error 2
